2024-07-23 12:39:00 [] [INFO ]: com.project.BaseProject - Starting BaseProject using Java 22.0.1 with PID 47017 (/Users/SaraObia/Desktop/exam_BE/target/classes started by SaraObia in /Users/SaraObia/Desktop/exam_BE)
2024-07-23 12:39:00 [] [INFO ]: com.project.BaseProject - The following 1 profile is active: "dev"
2024-07-23 12:39:00 [] [INFO ]: o.s.b.d.e.DevToolsPropertyDefaultsPostProcessor - Devtools property defaults active! Set 'spring.devtools.add-properties' to 'false' to disable
2024-07-23 12:39:00 [] [INFO ]: o.s.b.d.e.DevToolsPropertyDefaultsPostProcessor - For additional web related logging consider setting the 'logging.level.web' property to 'DEBUG'
2024-07-23 12:39:02 [] [INFO ]: o.s.d.r.c.RepositoryConfigurationDelegate - Bootstrapping Spring Data JPA repositories in DEFAULT mode.
2024-07-23 12:39:02 [] [INFO ]: o.s.d.r.c.RepositoryConfigurationDelegate - Finished Spring Data repository scanning in 102 ms. Found 3 JPA repository interfaces.
2024-07-23 12:39:03 [] [INFO ]: o.s.b.w.e.tomcat.TomcatWebServer - Tomcat initialized with port 8080 (http)
2024-07-23 12:39:03 [] [INFO ]: o.a.coyote.http11.Http11NioProtocol - Initializing ProtocolHandler ["http-nio-8080"]
2024-07-23 12:39:03 [] [INFO ]: o.a.catalina.core.StandardService - Starting service [Tomcat]
2024-07-23 12:39:03 [] [INFO ]: o.a.catalina.core.StandardEngine - Starting Servlet engine: [Apache Tomcat/10.1.25]
2024-07-23 12:39:03 [] [INFO ]: o.a.c.c.C.[Tomcat].[localhost].[/] - Initializing Spring embedded WebApplicationContext
2024-07-23 12:39:03 [] [INFO ]: o.s.b.w.s.c.ServletWebServerApplicationContext - Root WebApplicationContext: initialization completed in 2888 ms
2024-07-23 12:39:04 [] [INFO ]: o.s.o.j.p.SpringPersistenceUnitInfo - No LoadTimeWeaver setup: ignoring JPA class transformer
2024-07-23 12:39:04 [] [INFO ]: com.zaxxer.hikari.HikariDataSource - HikariPool-1 - Starting...
2024-07-23 12:39:05 [] [INFO ]: com.zaxxer.hikari.pool.HikariPool - HikariPool-1 - Added connection com.mysql.cj.jdbc.ConnectionImpl@49538de1
2024-07-23 12:39:05 [] [INFO ]: com.zaxxer.hikari.HikariDataSource - HikariPool-1 - Start completed.
2024-07-23 12:39:09 [] [INFO ]: o.s.o.j.LocalContainerEntityManagerFactoryBean - Initialized JPA EntityManagerFactory for persistence unit 'default'
2024-07-23 12:39:09 [] [INFO ]: o.s.d.j.r.query.QueryEnhancerFactory - Hibernate is in classpath; If applicable, HQL parser will be used.
2024-07-23 12:39:11 [] [INFO ]: o.s.s.c.a.a.c.InitializeAuthenticationProviderBeanManagerConfigurer$InitializeAuthenticationProviderManagerConfigurer - Global AuthenticationManager configured with AuthenticationProvider bean with name authenticationProvider
2024-07-23 12:39:14 [] [INFO ]: o.s.b.d.a.OptionalLiveReloadServer - LiveReload server is running on port 35729
2024-07-23 12:39:14 [] [INFO ]: o.a.coyote.http11.Http11NioProtocol - Starting ProtocolHandler ["http-nio-8080"]
2024-07-23 12:39:14 [] [INFO ]: o.s.b.w.e.tomcat.TomcatWebServer - Tomcat started on port 8080 (http) with context path '/'
2024-07-23 12:39:14 [] [INFO ]: com.project.BaseProject - Started BaseProject in 14.98 seconds (process running for 15.936)
2024-07-23 12:39:14 [] [TRACE]: o.s.t.i.TransactionInterceptor - Getting transaction for [org.springframework.data.jpa.repository.support.SimpleJpaRepository.count]
2024-07-23 12:39:14 [] [TRACE]: o.s.t.i.TransactionInterceptor - Completing transaction for [org.springframework.data.jpa.repository.support.SimpleJpaRepository.count]
2024-07-23 12:39:14 [] [TRACE]: o.s.t.i.TransactionInterceptor - Getting transaction for [org.springframework.data.jpa.repository.support.SimpleJpaRepository.saveAll]
2024-07-23 12:39:15 [] [TRACE]: o.s.t.i.TransactionInterceptor - Completing transaction for [org.springframework.data.jpa.repository.support.SimpleJpaRepository.saveAll]
2024-07-23 12:39:15 [] [TRACE]: o.s.t.i.TransactionInterceptor - No need to create transaction for [org.springframework.data.jpa.repository.support.SimpleJpaRepository.existsByRoleCode]: This method is not transactional.
2024-07-23 12:39:15 [] [TRACE]: o.s.t.i.TransactionInterceptor - Getting transaction for [org.springframework.data.jpa.repository.support.SimpleJpaRepository.save]
2024-07-23 12:39:15 [] [TRACE]: o.s.t.i.TransactionInterceptor - Completing transaction for [org.springframework.data.jpa.repository.support.SimpleJpaRepository.save]
2024-07-23 12:39:15 [] [TRACE]: o.s.t.i.TransactionInterceptor - No need to create transaction for [org.springframework.data.jpa.repository.support.SimpleJpaRepository.existsByRoleCode]: This method is not transactional.
2024-07-23 12:39:15 [] [TRACE]: o.s.t.i.TransactionInterceptor - Getting transaction for [org.springframework.data.jpa.repository.support.SimpleJpaRepository.save]
2024-07-23 12:39:15 [] [TRACE]: o.s.t.i.TransactionInterceptor - Completing transaction for [org.springframework.data.jpa.repository.support.SimpleJpaRepository.save]
2024-07-23 12:39:15 [] [TRACE]: o.s.t.i.TransactionInterceptor - No need to create transaction for [org.springframework.data.jpa.repository.support.SimpleJpaRepository.findByRoleCode]: This method is not transactional.
2024-07-23 12:39:15 [] [TRACE]: o.s.t.i.TransactionInterceptor - No need to create transaction for [org.springframework.data.jpa.repository.support.SimpleJpaRepository.findByEmail]: This method is not transactional.
2024-07-23 12:39:15 [] [TRACE]: o.s.t.i.TransactionInterceptor - Getting transaction for [org.springframework.data.jpa.repository.support.SimpleJpaRepository.save]
2024-07-23 12:39:15 [] [TRACE]: o.s.t.i.TransactionInterceptor - Completing transaction for [org.springframework.data.jpa.repository.support.SimpleJpaRepository.save]
2024-07-23 12:39:25 [] [INFO ]: o.a.c.c.C.[Tomcat].[localhost].[/] - Initializing Spring DispatcherServlet 'dispatcherServlet'
2024-07-23 12:39:25 [] [INFO ]: o.s.web.servlet.DispatcherServlet - Initializing Servlet 'dispatcherServlet'
2024-07-23 12:39:25 [] [INFO ]: o.s.web.servlet.DispatcherServlet - Completed initialization in 32 ms
2024-07-23 12:41:58 [] [ERROR]: o.a.c.c.C.[.[.[.[dispatcherServlet] - Servlet.service() for servlet [dispatcherServlet] in context with path [] threw exception
io.jsonwebtoken.MalformedJwtException: JWT strings must contain exactly 2 period characters. Found: 0
	at io.jsonwebtoken.impl.DefaultJwtParser.parse(DefaultJwtParser.java:275)
	at io.jsonwebtoken.impl.DefaultJwtParser.parse(DefaultJwtParser.java:529)
	at io.jsonwebtoken.impl.DefaultJwtParser.parseClaimsJws(DefaultJwtParser.java:589)
	at io.jsonwebtoken.impl.ImmutableJwtParser.parseClaimsJws(ImmutableJwtParser.java:173)
	at com.project.utils.JwtUtils.extractAllClaims(JwtUtils.java:82)
	at com.project.utils.JwtUtils.extractClaim(JwtUtils.java:32)
	at com.project.utils.JwtUtils.extractEmail(JwtUtils.java:28)
	at com.project.filters.JwtAuthFilter.doFilterInternal(JwtAuthFilter.java:53)
	at org.springframework.web.filter.OncePerRequestFilter.doFilter(OncePerRequestFilter.java:116)
	at org.springframework.security.web.FilterChainProxy$VirtualFilterChain.doFilter(FilterChainProxy.java:374)
	at org.springframework.security.web.authentication.logout.LogoutFilter.doFilter(LogoutFilter.java:107)
	at org.springframework.security.web.authentication.logout.LogoutFilter.doFilter(LogoutFilter.java:93)
	at org.springframework.security.web.FilterChainProxy$VirtualFilterChain.doFilter(FilterChainProxy.java:374)
	at org.springframework.web.filter.CorsFilter.doFilterInternal(CorsFilter.java:91)
	at org.springframework.web.filter.OncePerRequestFilter.doFilter(OncePerRequestFilter.java:116)
	at org.springframework.security.web.FilterChainProxy$VirtualFilterChain.doFilter(FilterChainProxy.java:374)
	at org.springframework.security.web.header.HeaderWriterFilter.doHeadersAfter(HeaderWriterFilter.java:90)
	at org.springframework.security.web.header.HeaderWriterFilter.doFilterInternal(HeaderWriterFilter.java:75)
	at org.springframework.web.filter.OncePerRequestFilter.doFilter(OncePerRequestFilter.java:116)
	at org.springframework.security.web.FilterChainProxy$VirtualFilterChain.doFilter(FilterChainProxy.java:374)
	at org.springframework.security.web.context.SecurityContextHolderFilter.doFilter(SecurityContextHolderFilter.java:82)
	at org.springframework.security.web.context.SecurityContextHolderFilter.doFilter(SecurityContextHolderFilter.java:69)
	at org.springframework.security.web.FilterChainProxy$VirtualFilterChain.doFilter(FilterChainProxy.java:374)
	at org.springframework.security.web.context.request.async.WebAsyncManagerIntegrationFilter.doFilterInternal(WebAsyncManagerIntegrationFilter.java:62)
	at org.springframework.web.filter.OncePerRequestFilter.doFilter(OncePerRequestFilter.java:116)
	at org.springframework.security.web.FilterChainProxy$VirtualFilterChain.doFilter(FilterChainProxy.java:374)
	at org.springframework.security.web.session.DisableEncodeUrlFilter.doFilterInternal(DisableEncodeUrlFilter.java:42)
	at org.springframework.web.filter.OncePerRequestFilter.doFilter(OncePerRequestFilter.java:116)
	at org.springframework.security.web.FilterChainProxy$VirtualFilterChain.doFilter(FilterChainProxy.java:374)
	at org.springframework.security.web.FilterChainProxy.doFilterInternal(FilterChainProxy.java:233)
	at org.springframework.security.web.FilterChainProxy.doFilter(FilterChainProxy.java:191)
	at org.springframework.web.filter.CompositeFilter$VirtualFilterChain.doFilter(CompositeFilter.java:113)
	at org.springframework.web.servlet.handler.HandlerMappingIntrospector.lambda$createCacheFilter$3(HandlerMappingIntrospector.java:195)
	at org.springframework.web.filter.CompositeFilter$VirtualFilterChain.doFilter(CompositeFilter.java:113)
	at org.springframework.web.filter.CompositeFilter.doFilter(CompositeFilter.java:74)
	at org.springframework.security.config.annotation.web.configuration.WebMvcSecurityConfiguration$CompositeFilterChainProxy.doFilter(WebMvcSecurityConfiguration.java:230)
	at org.springframework.web.filter.DelegatingFilterProxy.invokeDelegate(DelegatingFilterProxy.java:352)
	at org.springframework.web.filter.DelegatingFilterProxy.doFilter(DelegatingFilterProxy.java:268)
	at org.apache.catalina.core.ApplicationFilterChain.internalDoFilter(ApplicationFilterChain.java:164)
	at org.apache.catalina.core.ApplicationFilterChain.doFilter(ApplicationFilterChain.java:140)
	at org.springframework.web.filter.CharacterEncodingFilter.doFilterInternal(CharacterEncodingFilter.java:201)
	at org.springframework.web.filter.OncePerRequestFilter.doFilter(OncePerRequestFilter.java:116)
	at org.apache.catalina.core.ApplicationFilterChain.internalDoFilter(ApplicationFilterChain.java:164)
	at org.apache.catalina.core.ApplicationFilterChain.doFilter(ApplicationFilterChain.java:140)
	at org.apache.catalina.core.StandardWrapperValve.invoke(StandardWrapperValve.java:167)
	at org.apache.catalina.core.StandardContextValve.invoke(StandardContextValve.java:90)
	at org.apache.catalina.authenticator.AuthenticatorBase.invoke(AuthenticatorBase.java:482)
	at org.apache.catalina.core.StandardHostValve.invoke(StandardHostValve.java:115)
	at org.apache.catalina.valves.ErrorReportValve.invoke(ErrorReportValve.java:93)
	at org.apache.catalina.core.StandardEngineValve.invoke(StandardEngineValve.java:74)
	at org.apache.catalina.connector.CoyoteAdapter.service(CoyoteAdapter.java:344)
	at org.apache.coyote.http11.Http11Processor.service(Http11Processor.java:389)
	at org.apache.coyote.AbstractProcessorLight.process(AbstractProcessorLight.java:63)
	at org.apache.coyote.AbstractProtocol$ConnectionHandler.process(AbstractProtocol.java:904)
	at org.apache.tomcat.util.net.NioEndpoint$SocketProcessor.doRun(NioEndpoint.java:1741)
	at org.apache.tomcat.util.net.SocketProcessorBase.run(SocketProcessorBase.java:52)
	at org.apache.tomcat.util.threads.ThreadPoolExecutor.runWorker(ThreadPoolExecutor.java:1190)
	at org.apache.tomcat.util.threads.ThreadPoolExecutor$Worker.run(ThreadPoolExecutor.java:659)
	at org.apache.tomcat.util.threads.TaskThread$WrappingRunnable.run(TaskThread.java:63)
	at java.base/java.lang.Thread.run(Thread.java:1570)
2024-07-23 12:41:58 [] [ERROR]: o.a.c.c.C.[.[.[.[dispatcherServlet] - Servlet.service() for servlet [dispatcherServlet] in context with path [] threw exception
io.jsonwebtoken.MalformedJwtException: JWT strings must contain exactly 2 period characters. Found: 0
	at io.jsonwebtoken.impl.DefaultJwtParser.parse(DefaultJwtParser.java:275)
	at io.jsonwebtoken.impl.DefaultJwtParser.parse(DefaultJwtParser.java:529)
	at io.jsonwebtoken.impl.DefaultJwtParser.parseClaimsJws(DefaultJwtParser.java:589)
	at io.jsonwebtoken.impl.ImmutableJwtParser.parseClaimsJws(ImmutableJwtParser.java:173)
	at com.project.utils.JwtUtils.extractAllClaims(JwtUtils.java:82)
	at com.project.utils.JwtUtils.extractClaim(JwtUtils.java:32)
	at com.project.utils.JwtUtils.extractEmail(JwtUtils.java:28)
	at com.project.filters.JwtAuthFilter.doFilterInternal(JwtAuthFilter.java:53)
	at org.springframework.web.filter.OncePerRequestFilter.doFilter(OncePerRequestFilter.java:116)
	at org.springframework.security.web.FilterChainProxy$VirtualFilterChain.doFilter(FilterChainProxy.java:374)
	at org.springframework.security.web.authentication.logout.LogoutFilter.doFilter(LogoutFilter.java:107)
	at org.springframework.security.web.authentication.logout.LogoutFilter.doFilter(LogoutFilter.java:93)
	at org.springframework.security.web.FilterChainProxy$VirtualFilterChain.doFilter(FilterChainProxy.java:374)
	at org.springframework.web.filter.CorsFilter.doFilterInternal(CorsFilter.java:91)
	at org.springframework.web.filter.OncePerRequestFilter.doFilter(OncePerRequestFilter.java:116)
	at org.springframework.security.web.FilterChainProxy$VirtualFilterChain.doFilter(FilterChainProxy.java:374)
	at org.springframework.security.web.header.HeaderWriterFilter.doHeadersAfter(HeaderWriterFilter.java:90)
	at org.springframework.security.web.header.HeaderWriterFilter.doFilterInternal(HeaderWriterFilter.java:75)
	at org.springframework.web.filter.OncePerRequestFilter.doFilter(OncePerRequestFilter.java:116)
	at org.springframework.security.web.FilterChainProxy$VirtualFilterChain.doFilter(FilterChainProxy.java:374)
	at org.springframework.security.web.context.SecurityContextHolderFilter.doFilter(SecurityContextHolderFilter.java:82)
	at org.springframework.security.web.context.SecurityContextHolderFilter.doFilter(SecurityContextHolderFilter.java:69)
	at org.springframework.security.web.FilterChainProxy$VirtualFilterChain.doFilter(FilterChainProxy.java:374)
	at org.springframework.security.web.context.request.async.WebAsyncManagerIntegrationFilter.doFilterInternal(WebAsyncManagerIntegrationFilter.java:62)
	at org.springframework.web.filter.OncePerRequestFilter.doFilter(OncePerRequestFilter.java:116)
	at org.springframework.security.web.FilterChainProxy$VirtualFilterChain.doFilter(FilterChainProxy.java:374)
	at org.springframework.security.web.session.DisableEncodeUrlFilter.doFilterInternal(DisableEncodeUrlFilter.java:42)
	at org.springframework.web.filter.OncePerRequestFilter.doFilter(OncePerRequestFilter.java:116)
	at org.springframework.security.web.FilterChainProxy$VirtualFilterChain.doFilter(FilterChainProxy.java:374)
	at org.springframework.security.web.FilterChainProxy.doFilterInternal(FilterChainProxy.java:233)
	at org.springframework.security.web.FilterChainProxy.doFilter(FilterChainProxy.java:191)
	at org.springframework.web.filter.CompositeFilter$VirtualFilterChain.doFilter(CompositeFilter.java:113)
	at org.springframework.web.servlet.handler.HandlerMappingIntrospector.lambda$createCacheFilter$3(HandlerMappingIntrospector.java:195)
	at org.springframework.web.filter.CompositeFilter$VirtualFilterChain.doFilter(CompositeFilter.java:113)
	at org.springframework.web.filter.CompositeFilter.doFilter(CompositeFilter.java:74)
	at org.springframework.security.config.annotation.web.configuration.WebMvcSecurityConfiguration$CompositeFilterChainProxy.doFilter(WebMvcSecurityConfiguration.java:230)
	at org.springframework.web.filter.DelegatingFilterProxy.invokeDelegate(DelegatingFilterProxy.java:352)
	at org.springframework.web.filter.DelegatingFilterProxy.doFilter(DelegatingFilterProxy.java:268)
	at org.apache.catalina.core.ApplicationFilterChain.internalDoFilter(ApplicationFilterChain.java:164)
	at org.apache.catalina.core.ApplicationFilterChain.doFilter(ApplicationFilterChain.java:140)
	at org.springframework.web.filter.CharacterEncodingFilter.doFilterInternal(CharacterEncodingFilter.java:201)
	at org.springframework.web.filter.OncePerRequestFilter.doFilter(OncePerRequestFilter.java:116)
	at org.apache.catalina.core.ApplicationFilterChain.internalDoFilter(ApplicationFilterChain.java:164)
	at org.apache.catalina.core.ApplicationFilterChain.doFilter(ApplicationFilterChain.java:140)
	at org.apache.catalina.core.StandardWrapperValve.invoke(StandardWrapperValve.java:167)
	at org.apache.catalina.core.StandardContextValve.invoke(StandardContextValve.java:90)
	at org.apache.catalina.authenticator.AuthenticatorBase.invoke(AuthenticatorBase.java:482)
	at org.apache.catalina.core.StandardHostValve.invoke(StandardHostValve.java:115)
	at org.apache.catalina.valves.ErrorReportValve.invoke(ErrorReportValve.java:93)
	at org.apache.catalina.core.StandardEngineValve.invoke(StandardEngineValve.java:74)
	at org.apache.catalina.connector.CoyoteAdapter.service(CoyoteAdapter.java:344)
	at org.apache.coyote.http11.Http11Processor.service(Http11Processor.java:389)
	at org.apache.coyote.AbstractProcessorLight.process(AbstractProcessorLight.java:63)
	at org.apache.coyote.AbstractProtocol$ConnectionHandler.process(AbstractProtocol.java:904)
	at org.apache.tomcat.util.net.NioEndpoint$SocketProcessor.doRun(NioEndpoint.java:1741)
	at org.apache.tomcat.util.net.SocketProcessorBase.run(SocketProcessorBase.java:52)
	at org.apache.tomcat.util.threads.ThreadPoolExecutor.runWorker(ThreadPoolExecutor.java:1190)
	at org.apache.tomcat.util.threads.ThreadPoolExecutor$Worker.run(ThreadPoolExecutor.java:659)
	at org.apache.tomcat.util.threads.TaskThread$WrappingRunnable.run(TaskThread.java:63)
	at java.base/java.lang.Thread.run(Thread.java:1570)
2024-07-23 12:42:07 [sessionId=62B7ED072F3A6106AD9296286C664357] [TRACE]: o.s.t.i.TransactionInterceptor - No need to create transaction for [org.springframework.data.jpa.repository.support.SimpleJpaRepository.findByEmail]: This method is not transactional.
2024-07-23 12:42:07 [sessionId=62B7ED072F3A6106AD9296286C664357] [ERROR]: c.p.config.ExceptionHandlerConfig - User not found with email: @
2024-07-23 12:42:07 [sessionId=62B7ED072F3A6106AD9296286C664357] [ERROR]: c.p.config.ExceptionHandlerConfig - com.project.service.CustomUserDetailsService.lambda$loadUserByUsername$0(CustomUserDetailsService.java:30)
2024-07-23 12:42:07 [sessionId=62B7ED072F3A6106AD9296286C664357] [ERROR]: c.p.config.ExceptionHandlerConfig - java.base/java.util.Optional.orElseThrow(Optional.java:403)
2024-07-23 12:42:07 [sessionId=62B7ED072F3A6106AD9296286C664357] [ERROR]: c.p.config.ExceptionHandlerConfig - com.project.service.CustomUserDetailsService.loadUserByUsername(CustomUserDetailsService.java:30)
2024-07-23 12:42:07 [sessionId=62B7ED072F3A6106AD9296286C664357] [ERROR]: c.p.config.ExceptionHandlerConfig - org.springframework.security.authentication.dao.DaoAuthenticationProvider.retrieveUser(DaoAuthenticationProvider.java:107)
2024-07-23 12:42:07 [sessionId=62B7ED072F3A6106AD9296286C664357] [ERROR]: c.p.config.ExceptionHandlerConfig - org.springframework.security.authentication.dao.AbstractUserDetailsAuthenticationProvider.authenticate(AbstractUserDetailsAuthenticationProvider.java:133)
2024-07-23 12:42:07 [sessionId=62B7ED072F3A6106AD9296286C664357] [ERROR]: c.p.config.ExceptionHandlerConfig - org.springframework.security.authentication.ProviderManager.authenticate(ProviderManager.java:182)
2024-07-23 12:42:07 [sessionId=62B7ED072F3A6106AD9296286C664357] [ERROR]: c.p.config.ExceptionHandlerConfig - com.project.service.AuthenticationService.authentication(AuthenticationService.java:50)
2024-07-23 12:42:07 [sessionId=62B7ED072F3A6106AD9296286C664357] [ERROR]: c.p.config.ExceptionHandlerConfig - com.project.controller.AuthController.login(AuthController.java:29)
2024-07-23 12:42:07 [sessionId=62B7ED072F3A6106AD9296286C664357] [ERROR]: c.p.config.ExceptionHandlerConfig - java.base/jdk.internal.reflect.DirectMethodHandleAccessor.invoke(DirectMethodHandleAccessor.java:103)
2024-07-23 12:42:07 [sessionId=62B7ED072F3A6106AD9296286C664357] [ERROR]: c.p.config.ExceptionHandlerConfig - java.base/java.lang.reflect.Method.invoke(Method.java:580)
2024-07-23 12:42:07 [sessionId=62B7ED072F3A6106AD9296286C664357] [ERROR]: c.p.config.ExceptionHandlerConfig - org.springframework.web.method.support.InvocableHandlerMethod.doInvoke(InvocableHandlerMethod.java:255)
2024-07-23 12:42:07 [sessionId=62B7ED072F3A6106AD9296286C664357] [ERROR]: c.p.config.ExceptionHandlerConfig - org.springframework.web.method.support.InvocableHandlerMethod.invokeForRequest(InvocableHandlerMethod.java:188)
2024-07-23 12:42:07 [sessionId=62B7ED072F3A6106AD9296286C664357] [ERROR]: c.p.config.ExceptionHandlerConfig - org.springframework.web.servlet.mvc.method.annotation.ServletInvocableHandlerMethod.invokeAndHandle(ServletInvocableHandlerMethod.java:118)
2024-07-23 12:42:07 [sessionId=62B7ED072F3A6106AD9296286C664357] [ERROR]: c.p.config.ExceptionHandlerConfig - org.springframework.web.servlet.mvc.method.annotation.RequestMappingHandlerAdapter.invokeHandlerMethod(RequestMappingHandlerAdapter.java:926)
2024-07-23 12:42:07 [sessionId=62B7ED072F3A6106AD9296286C664357] [ERROR]: c.p.config.ExceptionHandlerConfig - org.springframework.web.servlet.mvc.method.annotation.RequestMappingHandlerAdapter.handleInternal(RequestMappingHandlerAdapter.java:831)
2024-07-23 12:42:07 [sessionId=62B7ED072F3A6106AD9296286C664357] [ERROR]: c.p.config.ExceptionHandlerConfig - org.springframework.web.servlet.mvc.method.AbstractHandlerMethodAdapter.handle(AbstractHandlerMethodAdapter.java:87)
2024-07-23 12:42:07 [sessionId=62B7ED072F3A6106AD9296286C664357] [ERROR]: c.p.config.ExceptionHandlerConfig - org.springframework.web.servlet.DispatcherServlet.doDispatch(DispatcherServlet.java:1089)
2024-07-23 12:42:07 [sessionId=62B7ED072F3A6106AD9296286C664357] [ERROR]: c.p.config.ExceptionHandlerConfig - org.springframework.web.servlet.DispatcherServlet.doService(DispatcherServlet.java:979)
2024-07-23 12:42:07 [sessionId=62B7ED072F3A6106AD9296286C664357] [ERROR]: c.p.config.ExceptionHandlerConfig - org.springframework.web.servlet.FrameworkServlet.processRequest(FrameworkServlet.java:1014)
2024-07-23 12:42:07 [sessionId=62B7ED072F3A6106AD9296286C664357] [ERROR]: c.p.config.ExceptionHandlerConfig - org.springframework.web.servlet.FrameworkServlet.doPost(FrameworkServlet.java:914)
2024-07-23 12:42:16 [] [INFO ]: o.s.o.j.LocalContainerEntityManagerFactoryBean - Closing JPA EntityManagerFactory for persistence unit 'default'
2024-07-23 12:42:16 [] [INFO ]: com.zaxxer.hikari.HikariDataSource - HikariPool-1 - Shutdown initiated...
2024-07-23 12:42:16 [] [INFO ]: com.zaxxer.hikari.HikariDataSource - HikariPool-1 - Shutdown completed.
