2024-07-31 14:13:04 [] [INFO ]: com.project.BaseProject - Starting BaseProject using Java 22.0.1 with PID 12026 (/Users/SaraObia/IdeaProjects/exam_template_springboot/target/classes started by SaraObia in /Users/SaraObia/IdeaProjects/exam_template_springboot)
2024-07-31 14:13:04 [] [INFO ]: com.project.BaseProject - The following 1 profile is active: "dev"
2024-07-31 14:13:04 [] [INFO ]: o.s.b.d.e.DevToolsPropertyDefaultsPostProcessor - Devtools property defaults active! Set 'spring.devtools.add-properties' to 'false' to disable
2024-07-31 14:13:04 [] [INFO ]: o.s.b.d.e.DevToolsPropertyDefaultsPostProcessor - For additional web related logging consider setting the 'logging.level.web' property to 'DEBUG'
2024-07-31 14:13:05 [] [INFO ]: o.s.d.r.c.RepositoryConfigurationDelegate - Bootstrapping Spring Data JPA repositories in DEFAULT mode.
2024-07-31 14:13:05 [] [INFO ]: o.s.d.r.c.RepositoryConfigurationDelegate - Finished Spring Data repository scanning in 74 ms. Found 4 JPA repository interfaces.
2024-07-31 14:13:06 [] [INFO ]: o.s.b.w.e.tomcat.TomcatWebServer - Tomcat initialized with port 8080 (http)
2024-07-31 14:13:06 [] [INFO ]: o.a.coyote.http11.Http11NioProtocol - Initializing ProtocolHandler ["http-nio-8080"]
2024-07-31 14:13:06 [] [INFO ]: o.a.catalina.core.StandardService - Starting service [Tomcat]
2024-07-31 14:13:06 [] [INFO ]: o.a.catalina.core.StandardEngine - Starting Servlet engine: [Apache Tomcat/10.1.25]
2024-07-31 14:13:06 [] [INFO ]: o.a.c.c.C.[Tomcat].[localhost].[/] - Initializing Spring embedded WebApplicationContext
2024-07-31 14:13:06 [] [INFO ]: o.s.b.w.s.c.ServletWebServerApplicationContext - Root WebApplicationContext: initialization completed in 2014 ms
2024-07-31 14:13:07 [] [INFO ]: o.s.o.j.p.SpringPersistenceUnitInfo - No LoadTimeWeaver setup: ignoring JPA class transformer
2024-07-31 14:13:07 [] [INFO ]: com.zaxxer.hikari.HikariDataSource - HikariPool-1 - Starting...
2024-07-31 14:13:08 [] [INFO ]: com.zaxxer.hikari.pool.HikariPool - HikariPool-1 - Added connection com.mysql.cj.jdbc.ConnectionImpl@5299a77f
2024-07-31 14:13:08 [] [INFO ]: com.zaxxer.hikari.HikariDataSource - HikariPool-1 - Start completed.
2024-07-31 14:13:09 [] [INFO ]: o.s.o.j.LocalContainerEntityManagerFactoryBean - Initialized JPA EntityManagerFactory for persistence unit 'default'
2024-07-31 14:13:10 [] [INFO ]: o.s.s.c.a.a.c.InitializeAuthenticationProviderBeanManagerConfigurer$InitializeAuthenticationProviderManagerConfigurer - Global AuthenticationManager configured with AuthenticationProvider bean with name authenticationProvider
2024-07-31 14:13:10 [] [INFO ]: o.s.d.j.r.query.QueryEnhancerFactory - Hibernate is in classpath; If applicable, HQL parser will be used.
2024-07-31 14:13:11 [] [INFO ]: o.a.coyote.http11.Http11NioProtocol - Starting ProtocolHandler ["http-nio-8080"]
2024-07-31 14:13:11 [] [INFO ]: o.s.o.j.LocalContainerEntityManagerFactoryBean - Closing JPA EntityManagerFactory for persistence unit 'default'
2024-07-31 14:13:11 [] [ERROR]: o.h.t.s.i.SchemaDropperImpl$DelayedDropActionImpl - HHH000478: Unsuccessful: 
    drop table if exists users
2024-07-31 14:13:11 [] [INFO ]: com.zaxxer.hikari.HikariDataSource - HikariPool-1 - Shutdown initiated...
2024-07-31 14:13:11 [] [INFO ]: com.zaxxer.hikari.HikariDataSource - HikariPool-1 - Shutdown completed.
2024-07-31 14:13:11 [] [ERROR]: o.s.b.d.LoggingFailureAnalysisReporter - 

***************************
APPLICATION FAILED TO START
***************************

Description:

Web server failed to start. Port 8080 was already in use.

Action:

Identify and stop the process that's listening on port 8080 or configure this application to listen on another port.

2024-07-31 14:14:00 [] [INFO ]: com.project.BaseProject - Starting BaseProject using Java 22.0.1 with PID 12051 (/Users/SaraObia/IdeaProjects/exam_template_springboot/target/classes started by SaraObia in /Users/SaraObia/IdeaProjects/exam_template_springboot)
2024-07-31 14:14:00 [] [INFO ]: com.project.BaseProject - The following 1 profile is active: "dev"
2024-07-31 14:14:00 [] [INFO ]: o.s.b.d.e.DevToolsPropertyDefaultsPostProcessor - Devtools property defaults active! Set 'spring.devtools.add-properties' to 'false' to disable
2024-07-31 14:14:00 [] [INFO ]: o.s.b.d.e.DevToolsPropertyDefaultsPostProcessor - For additional web related logging consider setting the 'logging.level.web' property to 'DEBUG'
2024-07-31 14:14:01 [] [INFO ]: o.s.d.r.c.RepositoryConfigurationDelegate - Bootstrapping Spring Data JPA repositories in DEFAULT mode.
2024-07-31 14:14:01 [] [INFO ]: o.s.d.r.c.RepositoryConfigurationDelegate - Finished Spring Data repository scanning in 55 ms. Found 4 JPA repository interfaces.
2024-07-31 14:14:02 [] [INFO ]: o.s.b.w.e.tomcat.TomcatWebServer - Tomcat initialized with port 8080 (http)
2024-07-31 14:14:02 [] [INFO ]: o.a.coyote.http11.Http11NioProtocol - Initializing ProtocolHandler ["http-nio-8080"]
2024-07-31 14:14:02 [] [INFO ]: o.a.catalina.core.StandardService - Starting service [Tomcat]
2024-07-31 14:14:02 [] [INFO ]: o.a.catalina.core.StandardEngine - Starting Servlet engine: [Apache Tomcat/10.1.25]
2024-07-31 14:14:02 [] [INFO ]: o.a.c.c.C.[Tomcat].[localhost].[/] - Initializing Spring embedded WebApplicationContext
2024-07-31 14:14:02 [] [INFO ]: o.s.b.w.s.c.ServletWebServerApplicationContext - Root WebApplicationContext: initialization completed in 1831 ms
2024-07-31 14:14:02 [] [INFO ]: o.s.o.j.p.SpringPersistenceUnitInfo - No LoadTimeWeaver setup: ignoring JPA class transformer
2024-07-31 14:14:02 [] [INFO ]: com.zaxxer.hikari.HikariDataSource - HikariPool-1 - Starting...
2024-07-31 14:14:03 [] [INFO ]: com.zaxxer.hikari.pool.HikariPool - HikariPool-1 - Added connection com.mysql.cj.jdbc.ConnectionImpl@7b34c368
2024-07-31 14:14:03 [] [INFO ]: com.zaxxer.hikari.HikariDataSource - HikariPool-1 - Start completed.
2024-07-31 14:14:04 [] [INFO ]: o.s.o.j.LocalContainerEntityManagerFactoryBean - Initialized JPA EntityManagerFactory for persistence unit 'default'
2024-07-31 14:14:04 [] [INFO ]: o.s.s.c.a.a.c.InitializeAuthenticationProviderBeanManagerConfigurer$InitializeAuthenticationProviderManagerConfigurer - Global AuthenticationManager configured with AuthenticationProvider bean with name authenticationProvider
2024-07-31 14:14:04 [] [INFO ]: o.s.d.j.r.query.QueryEnhancerFactory - Hibernate is in classpath; If applicable, HQL parser will be used.
2024-07-31 14:14:06 [] [INFO ]: o.s.b.d.a.OptionalLiveReloadServer - LiveReload server is running on port 35729
2024-07-31 14:14:06 [] [INFO ]: o.a.coyote.http11.Http11NioProtocol - Starting ProtocolHandler ["http-nio-8080"]
2024-07-31 14:14:06 [] [INFO ]: o.s.b.w.e.tomcat.TomcatWebServer - Tomcat started on port 8080 (http) with context path '/'
2024-07-31 14:14:06 [] [INFO ]: com.project.BaseProject - Started BaseProject in 6.804 seconds (process running for 7.512)
2024-07-31 14:14:06 [] [TRACE]: o.s.t.i.TransactionInterceptor - No need to create transaction for [org.springframework.data.jpa.repository.support.SimpleJpaRepository.findByEmail]: This method is not transactional.
2024-07-31 14:14:06 [] [TRACE]: o.s.t.i.TransactionInterceptor - Getting transaction for [org.springframework.data.jpa.repository.support.SimpleJpaRepository.save]
2024-07-31 14:14:06 [] [TRACE]: o.s.t.i.TransactionInterceptor - Completing transaction for [org.springframework.data.jpa.repository.support.SimpleJpaRepository.save]
2024-07-31 14:14:06 [] [TRACE]: o.s.t.i.TransactionInterceptor - Getting transaction for [org.springframework.data.jpa.repository.support.SimpleJpaRepository.count]
2024-07-31 14:14:06 [] [TRACE]: o.s.t.i.TransactionInterceptor - Completing transaction for [org.springframework.data.jpa.repository.support.SimpleJpaRepository.count]
2024-07-31 14:14:06 [] [TRACE]: o.s.t.i.TransactionInterceptor - Getting transaction for [org.springframework.data.jpa.repository.support.SimpleJpaRepository.saveAll]
2024-07-31 14:14:06 [] [TRACE]: o.s.t.i.TransactionInterceptor - Completing transaction for [org.springframework.data.jpa.repository.support.SimpleJpaRepository.saveAll]
2024-07-31 14:14:06 [] [TRACE]: o.s.t.i.TransactionInterceptor - Getting transaction for [org.springframework.data.jpa.repository.support.SimpleJpaRepository.count]
2024-07-31 14:14:06 [] [TRACE]: o.s.t.i.TransactionInterceptor - Completing transaction for [org.springframework.data.jpa.repository.support.SimpleJpaRepository.count]
2024-07-31 14:14:06 [] [TRACE]: o.s.t.i.TransactionInterceptor - Getting transaction for [org.springframework.data.jpa.repository.support.SimpleJpaRepository.findById]
2024-07-31 14:14:06 [] [TRACE]: o.s.t.i.TransactionInterceptor - Completing transaction for [org.springframework.data.jpa.repository.support.SimpleJpaRepository.findById]
2024-07-31 14:14:06 [] [TRACE]: o.s.t.i.TransactionInterceptor - Getting transaction for [org.springframework.data.jpa.repository.support.SimpleJpaRepository.findById]
2024-07-31 14:14:06 [] [TRACE]: o.s.t.i.TransactionInterceptor - Completing transaction for [org.springframework.data.jpa.repository.support.SimpleJpaRepository.findById]
2024-07-31 14:14:06 [] [TRACE]: o.s.t.i.TransactionInterceptor - Getting transaction for [org.springframework.data.jpa.repository.support.SimpleJpaRepository.saveAll]
2024-07-31 14:14:06 [] [TRACE]: o.s.t.i.TransactionInterceptor - Completing transaction for [org.springframework.data.jpa.repository.support.SimpleJpaRepository.saveAll]
2024-07-31 14:14:06 [] [TRACE]: o.s.t.i.TransactionInterceptor - Getting transaction for [org.springframework.data.jpa.repository.support.SimpleJpaRepository.count]
2024-07-31 14:14:06 [] [TRACE]: o.s.t.i.TransactionInterceptor - Completing transaction for [org.springframework.data.jpa.repository.support.SimpleJpaRepository.count]
2024-07-31 14:14:06 [] [TRACE]: o.s.t.i.TransactionInterceptor - Getting transaction for [org.springframework.data.jpa.repository.support.SimpleJpaRepository.findById]
2024-07-31 14:14:06 [] [TRACE]: o.s.t.i.TransactionInterceptor - Completing transaction for [org.springframework.data.jpa.repository.support.SimpleJpaRepository.findById]
2024-07-31 14:14:06 [] [TRACE]: o.s.t.i.TransactionInterceptor - Getting transaction for [org.springframework.data.jpa.repository.support.SimpleJpaRepository.findById]
2024-07-31 14:14:06 [] [TRACE]: o.s.t.i.TransactionInterceptor - Completing transaction for [org.springframework.data.jpa.repository.support.SimpleJpaRepository.findById]
2024-07-31 14:14:06 [] [TRACE]: o.s.t.i.TransactionInterceptor - Getting transaction for [org.springframework.data.jpa.repository.support.SimpleJpaRepository.saveAll]
2024-07-31 14:14:06 [] [TRACE]: o.s.t.i.TransactionInterceptor - Completing transaction for [org.springframework.data.jpa.repository.support.SimpleJpaRepository.saveAll]
2024-07-31 14:15:28 [] [INFO ]: o.a.c.c.C.[Tomcat].[localhost].[/] - Initializing Spring DispatcherServlet 'dispatcherServlet'
2024-07-31 14:15:28 [] [INFO ]: o.s.web.servlet.DispatcherServlet - Initializing Servlet 'dispatcherServlet'
2024-07-31 14:15:28 [] [INFO ]: o.s.web.servlet.DispatcherServlet - Completed initialization in 18 ms
2024-07-31 14:15:29 [] [TRACE]: o.s.t.i.TransactionInterceptor - No need to create transaction for [org.springframework.data.jpa.repository.support.SimpleJpaRepository.findByEmail]: This method is not transactional.
2024-07-31 14:15:29 [] [TRACE]: o.s.t.i.TransactionInterceptor - No need to create transaction for [org.springframework.data.jpa.repository.support.SimpleJpaRepository.findByEmail]: This method is not transactional.
2024-07-31 14:15:29 [] [ERROR]: o.a.c.c.C.[.[.[.[dispatcherServlet] - Servlet.service() for servlet [dispatcherServlet] in context with path [] threw exception
com.project.exception.UserException: User not found with email: test@beispiel.de
	at com.project.service.CustomUserDetailsService.lambda$loadUserByUsername$0(CustomUserDetailsService.java:28)
	at java.base/java.util.Optional.orElseThrow(Optional.java:403)
	at com.project.service.CustomUserDetailsService.loadUserByUsername(CustomUserDetailsService.java:28)
	at com.project.filters.JwtAuthFilter.doFilterInternal(JwtAuthFilter.java:61)
	at org.springframework.web.filter.OncePerRequestFilter.doFilter(OncePerRequestFilter.java:116)
	at org.springframework.security.web.FilterChainProxy$VirtualFilterChain.doFilter(FilterChainProxy.java:374)
	at org.springframework.security.web.authentication.logout.LogoutFilter.doFilter(LogoutFilter.java:107)
	at org.springframework.security.web.authentication.logout.LogoutFilter.doFilter(LogoutFilter.java:93)
	at org.springframework.security.web.FilterChainProxy$VirtualFilterChain.doFilter(FilterChainProxy.java:374)
	at org.springframework.web.filter.CorsFilter.doFilterInternal(CorsFilter.java:91)
	at org.springframework.web.filter.OncePerRequestFilter.doFilter(OncePerRequestFilter.java:116)
	at org.springframework.security.web.FilterChainProxy$VirtualFilterChain.doFilter(FilterChainProxy.java:374)
	at org.springframework.security.web.header.HeaderWriterFilter.doHeadersAfter(HeaderWriterFilter.java:90)
	at org.springframework.security.web.header.HeaderWriterFilter.doFilterInternal(HeaderWriterFilter.java:75)
	at org.springframework.web.filter.OncePerRequestFilter.doFilter(OncePerRequestFilter.java:116)
	at org.springframework.security.web.FilterChainProxy$VirtualFilterChain.doFilter(FilterChainProxy.java:374)
	at org.springframework.security.web.context.SecurityContextHolderFilter.doFilter(SecurityContextHolderFilter.java:82)
	at org.springframework.security.web.context.SecurityContextHolderFilter.doFilter(SecurityContextHolderFilter.java:69)
	at org.springframework.security.web.FilterChainProxy$VirtualFilterChain.doFilter(FilterChainProxy.java:374)
	at org.springframework.security.web.context.request.async.WebAsyncManagerIntegrationFilter.doFilterInternal(WebAsyncManagerIntegrationFilter.java:62)
	at org.springframework.web.filter.OncePerRequestFilter.doFilter(OncePerRequestFilter.java:116)
	at org.springframework.security.web.FilterChainProxy$VirtualFilterChain.doFilter(FilterChainProxy.java:374)
	at org.springframework.security.web.session.DisableEncodeUrlFilter.doFilterInternal(DisableEncodeUrlFilter.java:42)
	at org.springframework.web.filter.OncePerRequestFilter.doFilter(OncePerRequestFilter.java:116)
	at org.springframework.security.web.FilterChainProxy$VirtualFilterChain.doFilter(FilterChainProxy.java:374)
	at org.springframework.security.web.FilterChainProxy.doFilterInternal(FilterChainProxy.java:233)
	at org.springframework.security.web.FilterChainProxy.doFilter(FilterChainProxy.java:191)
	at org.springframework.web.filter.CompositeFilter$VirtualFilterChain.doFilter(CompositeFilter.java:113)
	at org.springframework.web.servlet.handler.HandlerMappingIntrospector.lambda$createCacheFilter$3(HandlerMappingIntrospector.java:195)
	at org.springframework.web.filter.CompositeFilter$VirtualFilterChain.doFilter(CompositeFilter.java:113)
	at org.springframework.web.filter.CompositeFilter.doFilter(CompositeFilter.java:74)
	at org.springframework.security.config.annotation.web.configuration.WebMvcSecurityConfiguration$CompositeFilterChainProxy.doFilter(WebMvcSecurityConfiguration.java:230)
	at org.springframework.web.filter.DelegatingFilterProxy.invokeDelegate(DelegatingFilterProxy.java:352)
	at org.springframework.web.filter.DelegatingFilterProxy.doFilter(DelegatingFilterProxy.java:268)
	at org.apache.catalina.core.ApplicationFilterChain.internalDoFilter(ApplicationFilterChain.java:164)
	at org.apache.catalina.core.ApplicationFilterChain.doFilter(ApplicationFilterChain.java:140)
	at org.springframework.web.filter.CharacterEncodingFilter.doFilterInternal(CharacterEncodingFilter.java:201)
	at org.springframework.web.filter.OncePerRequestFilter.doFilter(OncePerRequestFilter.java:116)
	at org.apache.catalina.core.ApplicationFilterChain.internalDoFilter(ApplicationFilterChain.java:164)
	at org.apache.catalina.core.ApplicationFilterChain.doFilter(ApplicationFilterChain.java:140)
	at org.apache.catalina.core.StandardWrapperValve.invoke(StandardWrapperValve.java:167)
	at org.apache.catalina.core.StandardContextValve.invoke(StandardContextValve.java:90)
	at org.apache.catalina.authenticator.AuthenticatorBase.invoke(AuthenticatorBase.java:482)
	at org.apache.catalina.core.StandardHostValve.invoke(StandardHostValve.java:115)
	at org.apache.catalina.valves.ErrorReportValve.invoke(ErrorReportValve.java:93)
	at org.apache.catalina.core.StandardEngineValve.invoke(StandardEngineValve.java:74)
	at org.apache.catalina.connector.CoyoteAdapter.service(CoyoteAdapter.java:344)
	at org.apache.coyote.http11.Http11Processor.service(Http11Processor.java:389)
	at org.apache.coyote.AbstractProcessorLight.process(AbstractProcessorLight.java:63)
	at org.apache.coyote.AbstractProtocol$ConnectionHandler.process(AbstractProtocol.java:904)
	at org.apache.tomcat.util.net.NioEndpoint$SocketProcessor.doRun(NioEndpoint.java:1741)
	at org.apache.tomcat.util.net.SocketProcessorBase.run(SocketProcessorBase.java:52)
	at org.apache.tomcat.util.threads.ThreadPoolExecutor.runWorker(ThreadPoolExecutor.java:1190)
	at org.apache.tomcat.util.threads.ThreadPoolExecutor$Worker.run(ThreadPoolExecutor.java:659)
	at org.apache.tomcat.util.threads.TaskThread$WrappingRunnable.run(TaskThread.java:63)
	at java.base/java.lang.Thread.run(Thread.java:1570)
2024-07-31 14:15:29 [] [ERROR]: o.a.c.c.C.[.[.[.[dispatcherServlet] - Servlet.service() for servlet [dispatcherServlet] in context with path [] threw exception
com.project.exception.UserException: User not found with email: test@beispiel.de
	at com.project.service.CustomUserDetailsService.lambda$loadUserByUsername$0(CustomUserDetailsService.java:28)
	at java.base/java.util.Optional.orElseThrow(Optional.java:403)
	at com.project.service.CustomUserDetailsService.loadUserByUsername(CustomUserDetailsService.java:28)
	at com.project.filters.JwtAuthFilter.doFilterInternal(JwtAuthFilter.java:61)
	at org.springframework.web.filter.OncePerRequestFilter.doFilter(OncePerRequestFilter.java:116)
	at org.springframework.security.web.FilterChainProxy$VirtualFilterChain.doFilter(FilterChainProxy.java:374)
	at org.springframework.security.web.authentication.logout.LogoutFilter.doFilter(LogoutFilter.java:107)
	at org.springframework.security.web.authentication.logout.LogoutFilter.doFilter(LogoutFilter.java:93)
	at org.springframework.security.web.FilterChainProxy$VirtualFilterChain.doFilter(FilterChainProxy.java:374)
	at org.springframework.web.filter.CorsFilter.doFilterInternal(CorsFilter.java:91)
	at org.springframework.web.filter.OncePerRequestFilter.doFilter(OncePerRequestFilter.java:116)
	at org.springframework.security.web.FilterChainProxy$VirtualFilterChain.doFilter(FilterChainProxy.java:374)
	at org.springframework.security.web.header.HeaderWriterFilter.doHeadersAfter(HeaderWriterFilter.java:90)
	at org.springframework.security.web.header.HeaderWriterFilter.doFilterInternal(HeaderWriterFilter.java:75)
	at org.springframework.web.filter.OncePerRequestFilter.doFilter(OncePerRequestFilter.java:116)
	at org.springframework.security.web.FilterChainProxy$VirtualFilterChain.doFilter(FilterChainProxy.java:374)
	at org.springframework.security.web.context.SecurityContextHolderFilter.doFilter(SecurityContextHolderFilter.java:82)
	at org.springframework.security.web.context.SecurityContextHolderFilter.doFilter(SecurityContextHolderFilter.java:69)
	at org.springframework.security.web.FilterChainProxy$VirtualFilterChain.doFilter(FilterChainProxy.java:374)
	at org.springframework.security.web.context.request.async.WebAsyncManagerIntegrationFilter.doFilterInternal(WebAsyncManagerIntegrationFilter.java:62)
	at org.springframework.web.filter.OncePerRequestFilter.doFilter(OncePerRequestFilter.java:116)
	at org.springframework.security.web.FilterChainProxy$VirtualFilterChain.doFilter(FilterChainProxy.java:374)
	at org.springframework.security.web.session.DisableEncodeUrlFilter.doFilterInternal(DisableEncodeUrlFilter.java:42)
	at org.springframework.web.filter.OncePerRequestFilter.doFilter(OncePerRequestFilter.java:116)
	at org.springframework.security.web.FilterChainProxy$VirtualFilterChain.doFilter(FilterChainProxy.java:374)
	at org.springframework.security.web.FilterChainProxy.doFilterInternal(FilterChainProxy.java:233)
	at org.springframework.security.web.FilterChainProxy.doFilter(FilterChainProxy.java:191)
	at org.springframework.web.filter.CompositeFilter$VirtualFilterChain.doFilter(CompositeFilter.java:113)
	at org.springframework.web.servlet.handler.HandlerMappingIntrospector.lambda$createCacheFilter$3(HandlerMappingIntrospector.java:195)
	at org.springframework.web.filter.CompositeFilter$VirtualFilterChain.doFilter(CompositeFilter.java:113)
	at org.springframework.web.filter.CompositeFilter.doFilter(CompositeFilter.java:74)
	at org.springframework.security.config.annotation.web.configuration.WebMvcSecurityConfiguration$CompositeFilterChainProxy.doFilter(WebMvcSecurityConfiguration.java:230)
	at org.springframework.web.filter.DelegatingFilterProxy.invokeDelegate(DelegatingFilterProxy.java:352)
	at org.springframework.web.filter.DelegatingFilterProxy.doFilter(DelegatingFilterProxy.java:268)
	at org.apache.catalina.core.ApplicationFilterChain.internalDoFilter(ApplicationFilterChain.java:164)
	at org.apache.catalina.core.ApplicationFilterChain.doFilter(ApplicationFilterChain.java:140)
	at org.springframework.web.filter.CharacterEncodingFilter.doFilterInternal(CharacterEncodingFilter.java:201)
	at org.springframework.web.filter.OncePerRequestFilter.doFilter(OncePerRequestFilter.java:116)
	at org.apache.catalina.core.ApplicationFilterChain.internalDoFilter(ApplicationFilterChain.java:164)
	at org.apache.catalina.core.ApplicationFilterChain.doFilter(ApplicationFilterChain.java:140)
	at org.apache.catalina.core.StandardWrapperValve.invoke(StandardWrapperValve.java:167)
	at org.apache.catalina.core.StandardContextValve.invoke(StandardContextValve.java:90)
	at org.apache.catalina.authenticator.AuthenticatorBase.invoke(AuthenticatorBase.java:482)
	at org.apache.catalina.core.StandardHostValve.invoke(StandardHostValve.java:115)
	at org.apache.catalina.valves.ErrorReportValve.invoke(ErrorReportValve.java:93)
	at org.apache.catalina.core.StandardEngineValve.invoke(StandardEngineValve.java:74)
	at org.apache.catalina.connector.CoyoteAdapter.service(CoyoteAdapter.java:344)
	at org.apache.coyote.http11.Http11Processor.service(Http11Processor.java:389)
	at org.apache.coyote.AbstractProcessorLight.process(AbstractProcessorLight.java:63)
	at org.apache.coyote.AbstractProtocol$ConnectionHandler.process(AbstractProtocol.java:904)
	at org.apache.tomcat.util.net.NioEndpoint$SocketProcessor.doRun(NioEndpoint.java:1741)
	at org.apache.tomcat.util.net.SocketProcessorBase.run(SocketProcessorBase.java:52)
	at org.apache.tomcat.util.threads.ThreadPoolExecutor.runWorker(ThreadPoolExecutor.java:1190)
	at org.apache.tomcat.util.threads.ThreadPoolExecutor$Worker.run(ThreadPoolExecutor.java:659)
	at org.apache.tomcat.util.threads.TaskThread$WrappingRunnable.run(TaskThread.java:63)
	at java.base/java.lang.Thread.run(Thread.java:1570)
2024-07-31 14:15:29 [] [TRACE]: o.s.t.i.TransactionInterceptor - No need to create transaction for [org.springframework.data.jpa.repository.support.SimpleJpaRepository.findByEmail]: This method is not transactional.
2024-07-31 14:15:29 [] [ERROR]: o.a.c.c.C.[.[.[.[dispatcherServlet] - Servlet.service() for servlet [dispatcherServlet] in context with path [] threw exception
com.project.exception.UserException: User not found with email: test@beispiel.de
	at com.project.service.CustomUserDetailsService.lambda$loadUserByUsername$0(CustomUserDetailsService.java:28)
	at java.base/java.util.Optional.orElseThrow(Optional.java:403)
	at com.project.service.CustomUserDetailsService.loadUserByUsername(CustomUserDetailsService.java:28)
	at com.project.filters.JwtAuthFilter.doFilterInternal(JwtAuthFilter.java:61)
	at org.springframework.web.filter.OncePerRequestFilter.doFilter(OncePerRequestFilter.java:116)
	at org.springframework.security.web.FilterChainProxy$VirtualFilterChain.doFilter(FilterChainProxy.java:374)
	at org.springframework.security.web.authentication.logout.LogoutFilter.doFilter(LogoutFilter.java:107)
	at org.springframework.security.web.authentication.logout.LogoutFilter.doFilter(LogoutFilter.java:93)
	at org.springframework.security.web.FilterChainProxy$VirtualFilterChain.doFilter(FilterChainProxy.java:374)
	at org.springframework.web.filter.CorsFilter.doFilterInternal(CorsFilter.java:91)
	at org.springframework.web.filter.OncePerRequestFilter.doFilter(OncePerRequestFilter.java:116)
	at org.springframework.security.web.FilterChainProxy$VirtualFilterChain.doFilter(FilterChainProxy.java:374)
	at org.springframework.security.web.header.HeaderWriterFilter.doHeadersAfter(HeaderWriterFilter.java:90)
	at org.springframework.security.web.header.HeaderWriterFilter.doFilterInternal(HeaderWriterFilter.java:75)
	at org.springframework.web.filter.OncePerRequestFilter.doFilter(OncePerRequestFilter.java:116)
	at org.springframework.security.web.FilterChainProxy$VirtualFilterChain.doFilter(FilterChainProxy.java:374)
	at org.springframework.security.web.context.SecurityContextHolderFilter.doFilter(SecurityContextHolderFilter.java:82)
	at org.springframework.security.web.context.SecurityContextHolderFilter.doFilter(SecurityContextHolderFilter.java:69)
	at org.springframework.security.web.FilterChainProxy$VirtualFilterChain.doFilter(FilterChainProxy.java:374)
	at org.springframework.security.web.context.request.async.WebAsyncManagerIntegrationFilter.doFilterInternal(WebAsyncManagerIntegrationFilter.java:62)
	at org.springframework.web.filter.OncePerRequestFilter.doFilter(OncePerRequestFilter.java:116)
	at org.springframework.security.web.FilterChainProxy$VirtualFilterChain.doFilter(FilterChainProxy.java:374)
	at org.springframework.security.web.session.DisableEncodeUrlFilter.doFilterInternal(DisableEncodeUrlFilter.java:42)
	at org.springframework.web.filter.OncePerRequestFilter.doFilter(OncePerRequestFilter.java:116)
	at org.springframework.security.web.FilterChainProxy$VirtualFilterChain.doFilter(FilterChainProxy.java:374)
	at org.springframework.security.web.FilterChainProxy.doFilterInternal(FilterChainProxy.java:233)
	at org.springframework.security.web.FilterChainProxy.doFilter(FilterChainProxy.java:191)
	at org.springframework.web.filter.CompositeFilter$VirtualFilterChain.doFilter(CompositeFilter.java:113)
	at org.springframework.web.servlet.handler.HandlerMappingIntrospector.lambda$createCacheFilter$3(HandlerMappingIntrospector.java:195)
	at org.springframework.web.filter.CompositeFilter$VirtualFilterChain.doFilter(CompositeFilter.java:113)
	at org.springframework.web.filter.CompositeFilter.doFilter(CompositeFilter.java:74)
	at org.springframework.security.config.annotation.web.configuration.WebMvcSecurityConfiguration$CompositeFilterChainProxy.doFilter(WebMvcSecurityConfiguration.java:230)
	at org.springframework.web.filter.DelegatingFilterProxy.invokeDelegate(DelegatingFilterProxy.java:352)
	at org.springframework.web.filter.DelegatingFilterProxy.doFilter(DelegatingFilterProxy.java:268)
	at org.apache.catalina.core.ApplicationFilterChain.internalDoFilter(ApplicationFilterChain.java:164)
	at org.apache.catalina.core.ApplicationFilterChain.doFilter(ApplicationFilterChain.java:140)
	at org.springframework.web.filter.CharacterEncodingFilter.doFilterInternal(CharacterEncodingFilter.java:201)
	at org.springframework.web.filter.OncePerRequestFilter.doFilter(OncePerRequestFilter.java:116)
	at org.apache.catalina.core.ApplicationFilterChain.internalDoFilter(ApplicationFilterChain.java:164)
	at org.apache.catalina.core.ApplicationFilterChain.doFilter(ApplicationFilterChain.java:140)
	at org.apache.catalina.core.StandardWrapperValve.invoke(StandardWrapperValve.java:167)
	at org.apache.catalina.core.StandardContextValve.invoke(StandardContextValve.java:90)
	at org.apache.catalina.authenticator.AuthenticatorBase.invoke(AuthenticatorBase.java:482)
	at org.apache.catalina.core.StandardHostValve.invoke(StandardHostValve.java:115)
	at org.apache.catalina.valves.ErrorReportValve.invoke(ErrorReportValve.java:93)
	at org.apache.catalina.core.StandardEngineValve.invoke(StandardEngineValve.java:74)
	at org.apache.catalina.connector.CoyoteAdapter.service(CoyoteAdapter.java:344)
	at org.apache.coyote.http11.Http11Processor.service(Http11Processor.java:389)
	at org.apache.coyote.AbstractProcessorLight.process(AbstractProcessorLight.java:63)
	at org.apache.coyote.AbstractProtocol$ConnectionHandler.process(AbstractProtocol.java:904)
	at org.apache.tomcat.util.net.NioEndpoint$SocketProcessor.doRun(NioEndpoint.java:1741)
	at org.apache.tomcat.util.net.SocketProcessorBase.run(SocketProcessorBase.java:52)
	at org.apache.tomcat.util.threads.ThreadPoolExecutor.runWorker(ThreadPoolExecutor.java:1190)
	at org.apache.tomcat.util.threads.ThreadPoolExecutor$Worker.run(ThreadPoolExecutor.java:659)
	at org.apache.tomcat.util.threads.TaskThread$WrappingRunnable.run(TaskThread.java:63)
	at java.base/java.lang.Thread.run(Thread.java:1570)
2024-07-31 14:16:48 [] [INFO ]: o.s.o.j.LocalContainerEntityManagerFactoryBean - Closing JPA EntityManagerFactory for persistence unit 'default'
2024-07-31 14:16:48 [] [INFO ]: com.zaxxer.hikari.HikariDataSource - HikariPool-1 - Shutdown initiated...
2024-07-31 14:16:48 [] [INFO ]: com.zaxxer.hikari.HikariDataSource - HikariPool-1 - Shutdown completed.
2024-07-31 14:16:52 [] [INFO ]: com.project.BaseProject - Starting BaseProject using Java 22.0.1 with PID 12261 (/Users/SaraObia/IdeaProjects/exam_template_springboot/target/classes started by SaraObia in /Users/SaraObia/IdeaProjects/exam_template_springboot)
2024-07-31 14:16:52 [] [INFO ]: com.project.BaseProject - The following 1 profile is active: "dev"
2024-07-31 14:16:53 [] [INFO ]: o.s.b.d.e.DevToolsPropertyDefaultsPostProcessor - Devtools property defaults active! Set 'spring.devtools.add-properties' to 'false' to disable
2024-07-31 14:16:53 [] [INFO ]: o.s.b.d.e.DevToolsPropertyDefaultsPostProcessor - For additional web related logging consider setting the 'logging.level.web' property to 'DEBUG'
2024-07-31 14:16:53 [] [INFO ]: o.s.d.r.c.RepositoryConfigurationDelegate - Bootstrapping Spring Data JPA repositories in DEFAULT mode.
2024-07-31 14:16:54 [] [INFO ]: o.s.d.r.c.RepositoryConfigurationDelegate - Finished Spring Data repository scanning in 57 ms. Found 4 JPA repository interfaces.
2024-07-31 14:16:54 [] [INFO ]: o.s.b.w.e.tomcat.TomcatWebServer - Tomcat initialized with port 8080 (http)
2024-07-31 14:16:54 [] [INFO ]: o.a.coyote.http11.Http11NioProtocol - Initializing ProtocolHandler ["http-nio-8080"]
2024-07-31 14:16:54 [] [INFO ]: o.a.catalina.core.StandardService - Starting service [Tomcat]
2024-07-31 14:16:54 [] [INFO ]: o.a.catalina.core.StandardEngine - Starting Servlet engine: [Apache Tomcat/10.1.25]
2024-07-31 14:16:54 [] [INFO ]: o.a.c.c.C.[Tomcat].[localhost].[/] - Initializing Spring embedded WebApplicationContext
2024-07-31 14:16:54 [] [INFO ]: o.s.b.w.s.c.ServletWebServerApplicationContext - Root WebApplicationContext: initialization completed in 1879 ms
2024-07-31 14:16:55 [] [INFO ]: o.s.o.j.p.SpringPersistenceUnitInfo - No LoadTimeWeaver setup: ignoring JPA class transformer
2024-07-31 14:16:55 [] [INFO ]: com.zaxxer.hikari.HikariDataSource - HikariPool-1 - Starting...
2024-07-31 14:16:55 [] [INFO ]: com.zaxxer.hikari.pool.HikariPool - HikariPool-1 - Added connection com.mysql.cj.jdbc.ConnectionImpl@2c8d7635
2024-07-31 14:16:55 [] [INFO ]: com.zaxxer.hikari.HikariDataSource - HikariPool-1 - Start completed.
2024-07-31 14:16:57 [] [INFO ]: o.s.o.j.LocalContainerEntityManagerFactoryBean - Initialized JPA EntityManagerFactory for persistence unit 'default'
2024-07-31 14:16:57 [] [INFO ]: o.s.s.c.a.a.c.InitializeAuthenticationProviderBeanManagerConfigurer$InitializeAuthenticationProviderManagerConfigurer - Global AuthenticationManager configured with AuthenticationProvider bean with name authenticationProvider
2024-07-31 14:16:57 [] [INFO ]: o.s.d.j.r.query.QueryEnhancerFactory - Hibernate is in classpath; If applicable, HQL parser will be used.
2024-07-31 14:16:59 [] [INFO ]: o.s.b.d.a.OptionalLiveReloadServer - LiveReload server is running on port 35729
2024-07-31 14:16:59 [] [INFO ]: o.a.coyote.http11.Http11NioProtocol - Starting ProtocolHandler ["http-nio-8080"]
2024-07-31 14:16:59 [] [INFO ]: o.s.b.w.e.tomcat.TomcatWebServer - Tomcat started on port 8080 (http) with context path '/'
2024-07-31 14:16:59 [] [INFO ]: com.project.BaseProject - Started BaseProject in 6.89 seconds (process running for 7.51)
2024-07-31 14:16:59 [] [TRACE]: o.s.t.i.TransactionInterceptor - No need to create transaction for [org.springframework.data.jpa.repository.support.SimpleJpaRepository.findByEmail]: This method is not transactional.
2024-07-31 14:16:59 [] [TRACE]: o.s.t.i.TransactionInterceptor - Getting transaction for [org.springframework.data.jpa.repository.support.SimpleJpaRepository.save]
2024-07-31 14:16:59 [] [TRACE]: o.s.t.i.TransactionInterceptor - Completing transaction for [org.springframework.data.jpa.repository.support.SimpleJpaRepository.save]
2024-07-31 14:16:59 [] [TRACE]: o.s.t.i.TransactionInterceptor - Getting transaction for [org.springframework.data.jpa.repository.support.SimpleJpaRepository.count]
2024-07-31 14:16:59 [] [TRACE]: o.s.t.i.TransactionInterceptor - Completing transaction for [org.springframework.data.jpa.repository.support.SimpleJpaRepository.count]
2024-07-31 14:16:59 [] [TRACE]: o.s.t.i.TransactionInterceptor - Getting transaction for [org.springframework.data.jpa.repository.support.SimpleJpaRepository.saveAll]
2024-07-31 14:16:59 [] [TRACE]: o.s.t.i.TransactionInterceptor - Completing transaction for [org.springframework.data.jpa.repository.support.SimpleJpaRepository.saveAll]
2024-07-31 14:16:59 [] [TRACE]: o.s.t.i.TransactionInterceptor - Getting transaction for [org.springframework.data.jpa.repository.support.SimpleJpaRepository.count]
2024-07-31 14:16:59 [] [TRACE]: o.s.t.i.TransactionInterceptor - Completing transaction for [org.springframework.data.jpa.repository.support.SimpleJpaRepository.count]
2024-07-31 14:16:59 [] [TRACE]: o.s.t.i.TransactionInterceptor - Getting transaction for [org.springframework.data.jpa.repository.support.SimpleJpaRepository.findById]
2024-07-31 14:16:59 [] [TRACE]: o.s.t.i.TransactionInterceptor - Completing transaction for [org.springframework.data.jpa.repository.support.SimpleJpaRepository.findById]
2024-07-31 14:16:59 [] [TRACE]: o.s.t.i.TransactionInterceptor - Getting transaction for [org.springframework.data.jpa.repository.support.SimpleJpaRepository.findById]
2024-07-31 14:16:59 [] [TRACE]: o.s.t.i.TransactionInterceptor - Completing transaction for [org.springframework.data.jpa.repository.support.SimpleJpaRepository.findById]
2024-07-31 14:16:59 [] [TRACE]: o.s.t.i.TransactionInterceptor - Getting transaction for [org.springframework.data.jpa.repository.support.SimpleJpaRepository.saveAll]
2024-07-31 14:16:59 [] [TRACE]: o.s.t.i.TransactionInterceptor - Completing transaction for [org.springframework.data.jpa.repository.support.SimpleJpaRepository.saveAll]
2024-07-31 14:16:59 [] [TRACE]: o.s.t.i.TransactionInterceptor - Getting transaction for [org.springframework.data.jpa.repository.support.SimpleJpaRepository.count]
2024-07-31 14:16:59 [] [TRACE]: o.s.t.i.TransactionInterceptor - Completing transaction for [org.springframework.data.jpa.repository.support.SimpleJpaRepository.count]
2024-07-31 14:16:59 [] [TRACE]: o.s.t.i.TransactionInterceptor - Getting transaction for [org.springframework.data.jpa.repository.support.SimpleJpaRepository.findById]
2024-07-31 14:16:59 [] [TRACE]: o.s.t.i.TransactionInterceptor - Completing transaction for [org.springframework.data.jpa.repository.support.SimpleJpaRepository.findById]
2024-07-31 14:16:59 [] [TRACE]: o.s.t.i.TransactionInterceptor - Getting transaction for [org.springframework.data.jpa.repository.support.SimpleJpaRepository.findById]
2024-07-31 14:16:59 [] [TRACE]: o.s.t.i.TransactionInterceptor - Completing transaction for [org.springframework.data.jpa.repository.support.SimpleJpaRepository.findById]
2024-07-31 14:16:59 [] [TRACE]: o.s.t.i.TransactionInterceptor - Getting transaction for [org.springframework.data.jpa.repository.support.SimpleJpaRepository.saveAll]
2024-07-31 14:16:59 [] [TRACE]: o.s.t.i.TransactionInterceptor - Completing transaction for [org.springframework.data.jpa.repository.support.SimpleJpaRepository.saveAll]
2024-07-31 14:19:09 [] [INFO ]: o.a.c.c.C.[Tomcat].[localhost].[/] - Initializing Spring DispatcherServlet 'dispatcherServlet'
2024-07-31 14:19:09 [] [INFO ]: o.s.web.servlet.DispatcherServlet - Initializing Servlet 'dispatcherServlet'
2024-07-31 14:19:09 [] [INFO ]: o.s.web.servlet.DispatcherServlet - Completed initialization in 15 ms
2024-07-31 14:19:10 [] [TRACE]: o.s.t.i.TransactionInterceptor - No need to create transaction for [org.springframework.data.jpa.repository.support.SimpleJpaRepository.findByEmail]: This method is not transactional.
2024-07-31 14:19:10 [] [TRACE]: o.s.t.i.TransactionInterceptor - Getting transaction for [org.springframework.data.jpa.repository.support.SimpleJpaRepository.save]
2024-07-31 14:19:10 [] [TRACE]: o.s.t.i.TransactionInterceptor - Completing transaction for [org.springframework.data.jpa.repository.support.SimpleJpaRepository.save]
2024-07-31 14:19:10 [] [TRACE]: o.s.t.i.TransactionInterceptor - No need to create transaction for [org.springframework.data.jpa.repository.support.SimpleJpaRepository.findByEmail]: This method is not transactional.
2024-07-31 14:19:10 [] [TRACE]: o.s.t.i.TransactionInterceptor - No need to create transaction for [org.springframework.data.jpa.repository.support.SimpleJpaRepository.findByEmail]: This method is not transactional.
2024-07-31 14:19:10 [] [TRACE]: o.s.t.i.TransactionInterceptor - No need to create transaction for [org.springframework.data.jpa.repository.support.SimpleJpaRepository.findByEmail]: This method is not transactional.
2024-07-31 14:19:10 [] [TRACE]: o.s.t.i.TransactionInterceptor - No need to create transaction for [org.springframework.data.jpa.repository.support.SimpleJpaRepository.findByEmail]: This method is not transactional.
2024-07-31 14:19:10 [] [TRACE]: o.s.t.i.TransactionInterceptor - No need to create transaction for [org.springframework.data.jpa.repository.support.SimpleJpaRepository.findByEmail]: This method is not transactional.
2024-07-31 14:19:10 [] [TRACE]: o.s.t.i.TransactionInterceptor - No need to create transaction for [org.springframework.data.jpa.repository.support.SimpleJpaRepository.findByEmail]: This method is not transactional.
2024-07-31 14:19:10 [] [TRACE]: o.s.t.i.TransactionInterceptor - No need to create transaction for [org.springframework.data.jpa.repository.support.SimpleJpaRepository.findByEmail]: This method is not transactional.
2024-07-31 14:19:10 [] [ERROR]: c.p.config.ExceptionHandlerConfig - No endpoint GET /api/concerts/.
2024-07-31 14:19:10 [] [ERROR]: c.p.config.ExceptionHandlerConfig - No endpoint GET /api/concerts/.
2024-07-31 14:19:10 [] [ERROR]: c.p.config.ExceptionHandlerConfig - org.springframework.web.servlet.DispatcherServlet.noHandlerFound(DispatcherServlet.java:1304)
2024-07-31 14:19:10 [] [ERROR]: c.p.config.ExceptionHandlerConfig - org.springframework.web.servlet.DispatcherServlet.noHandlerFound(DispatcherServlet.java:1304)
2024-07-31 14:19:10 [] [ERROR]: c.p.config.ExceptionHandlerConfig - org.springframework.web.servlet.DispatcherServlet.doDispatch(DispatcherServlet.java:1067)
2024-07-31 14:19:10 [] [ERROR]: c.p.config.ExceptionHandlerConfig - org.springframework.web.servlet.DispatcherServlet.doDispatch(DispatcherServlet.java:1067)
2024-07-31 14:19:10 [] [ERROR]: c.p.config.ExceptionHandlerConfig - org.springframework.web.servlet.DispatcherServlet.doService(DispatcherServlet.java:979)
2024-07-31 14:19:10 [] [ERROR]: c.p.config.ExceptionHandlerConfig - org.springframework.web.servlet.FrameworkServlet.processRequest(FrameworkServlet.java:1014)
2024-07-31 14:19:10 [] [ERROR]: c.p.config.ExceptionHandlerConfig - org.springframework.web.servlet.DispatcherServlet.doService(DispatcherServlet.java:979)
2024-07-31 14:19:10 [] [ERROR]: c.p.config.ExceptionHandlerConfig - org.springframework.web.servlet.FrameworkServlet.doGet(FrameworkServlet.java:903)
2024-07-31 14:19:10 [] [ERROR]: c.p.config.ExceptionHandlerConfig - org.springframework.web.servlet.FrameworkServlet.processRequest(FrameworkServlet.java:1014)
2024-07-31 14:19:10 [] [ERROR]: c.p.config.ExceptionHandlerConfig - jakarta.servlet.http.HttpServlet.service(HttpServlet.java:564)
2024-07-31 14:19:10 [] [ERROR]: c.p.config.ExceptionHandlerConfig - org.springframework.web.servlet.FrameworkServlet.doGet(FrameworkServlet.java:903)
2024-07-31 14:19:10 [] [ERROR]: c.p.config.ExceptionHandlerConfig - org.springframework.web.servlet.FrameworkServlet.service(FrameworkServlet.java:885)
2024-07-31 14:19:10 [] [ERROR]: c.p.config.ExceptionHandlerConfig - jakarta.servlet.http.HttpServlet.service(HttpServlet.java:564)
2024-07-31 14:19:10 [] [ERROR]: c.p.config.ExceptionHandlerConfig - jakarta.servlet.http.HttpServlet.service(HttpServlet.java:658)
2024-07-31 14:19:10 [] [ERROR]: c.p.config.ExceptionHandlerConfig - org.springframework.web.servlet.FrameworkServlet.service(FrameworkServlet.java:885)
2024-07-31 14:19:10 [] [ERROR]: c.p.config.ExceptionHandlerConfig - org.apache.catalina.core.ApplicationFilterChain.internalDoFilter(ApplicationFilterChain.java:195)
2024-07-31 14:19:10 [] [ERROR]: c.p.config.ExceptionHandlerConfig - jakarta.servlet.http.HttpServlet.service(HttpServlet.java:658)
2024-07-31 14:19:10 [] [ERROR]: c.p.config.ExceptionHandlerConfig - org.apache.catalina.core.ApplicationFilterChain.internalDoFilter(ApplicationFilterChain.java:195)
2024-07-31 14:19:10 [] [ERROR]: c.p.config.ExceptionHandlerConfig - org.apache.catalina.core.ApplicationFilterChain.doFilter(ApplicationFilterChain.java:140)
2024-07-31 14:19:10 [] [ERROR]: c.p.config.ExceptionHandlerConfig - org.apache.catalina.core.ApplicationFilterChain.doFilter(ApplicationFilterChain.java:140)
2024-07-31 14:19:10 [] [ERROR]: c.p.config.ExceptionHandlerConfig - org.apache.tomcat.websocket.server.WsFilter.doFilter(WsFilter.java:51)
2024-07-31 14:19:10 [] [ERROR]: c.p.config.ExceptionHandlerConfig - org.apache.tomcat.websocket.server.WsFilter.doFilter(WsFilter.java:51)
2024-07-31 14:19:10 [] [ERROR]: c.p.config.ExceptionHandlerConfig - org.apache.catalina.core.ApplicationFilterChain.internalDoFilter(ApplicationFilterChain.java:164)
2024-07-31 14:19:10 [] [ERROR]: c.p.config.ExceptionHandlerConfig - org.apache.catalina.core.ApplicationFilterChain.internalDoFilter(ApplicationFilterChain.java:164)
2024-07-31 14:19:10 [] [ERROR]: c.p.config.ExceptionHandlerConfig - org.apache.catalina.core.ApplicationFilterChain.doFilter(ApplicationFilterChain.java:140)
2024-07-31 14:19:10 [] [ERROR]: c.p.config.ExceptionHandlerConfig - org.apache.catalina.core.ApplicationFilterChain.doFilter(ApplicationFilterChain.java:140)
2024-07-31 14:19:10 [] [ERROR]: c.p.config.ExceptionHandlerConfig - org.springframework.web.filter.OncePerRequestFilter.doFilter(OncePerRequestFilter.java:110)
2024-07-31 14:19:10 [] [ERROR]: c.p.config.ExceptionHandlerConfig - org.springframework.web.filter.OncePerRequestFilter.doFilter(OncePerRequestFilter.java:110)
2024-07-31 14:19:10 [] [ERROR]: c.p.config.ExceptionHandlerConfig - org.apache.catalina.core.ApplicationFilterChain.internalDoFilter(ApplicationFilterChain.java:164)
2024-07-31 14:19:10 [] [ERROR]: c.p.config.ExceptionHandlerConfig - org.apache.catalina.core.ApplicationFilterChain.internalDoFilter(ApplicationFilterChain.java:164)
2024-07-31 14:19:10 [] [ERROR]: c.p.config.ExceptionHandlerConfig - org.apache.catalina.core.ApplicationFilterChain.doFilter(ApplicationFilterChain.java:140)
2024-07-31 14:19:10 [] [ERROR]: c.p.config.ExceptionHandlerConfig - org.apache.catalina.core.ApplicationFilterChain.doFilter(ApplicationFilterChain.java:140)
2024-07-31 14:19:10 [] [ERROR]: c.p.config.ExceptionHandlerConfig - org.springframework.web.filter.CompositeFilter$VirtualFilterChain.doFilter(CompositeFilter.java:108)
2024-07-31 14:19:10 [] [ERROR]: c.p.config.ExceptionHandlerConfig - org.springframework.web.filter.CompositeFilter$VirtualFilterChain.doFilter(CompositeFilter.java:108)
2024-07-31 14:19:10 [] [ERROR]: c.p.config.ExceptionHandlerConfig - org.springframework.security.web.FilterChainProxy.lambda$doFilterInternal$3(FilterChainProxy.java:231)
2024-07-31 14:19:10 [] [ERROR]: c.p.config.ExceptionHandlerConfig - org.springframework.security.web.FilterChainProxy$VirtualFilterChain.doFilter(FilterChainProxy.java:365)
2024-07-31 14:19:10 [] [ERROR]: c.p.config.ExceptionHandlerConfig - org.springframework.security.web.access.intercept.AuthorizationFilter.doFilter(AuthorizationFilter.java:100)
2024-07-31 14:19:10 [] [ERROR]: c.p.config.ExceptionHandlerConfig - org.springframework.security.web.FilterChainProxy.lambda$doFilterInternal$3(FilterChainProxy.java:231)
2024-07-31 14:19:10 [] [ERROR]: c.p.config.ExceptionHandlerConfig - org.springframework.security.web.FilterChainProxy$VirtualFilterChain.doFilter(FilterChainProxy.java:365)
2024-07-31 14:19:10 [] [ERROR]: c.p.config.ExceptionHandlerConfig - org.springframework.security.web.access.intercept.AuthorizationFilter.doFilter(AuthorizationFilter.java:100)
2024-07-31 14:19:10 [] [TRACE]: o.s.t.i.TransactionInterceptor - No need to create transaction for [org.springframework.data.jpa.repository.support.SimpleJpaRepository.findByEmail]: This method is not transactional.
