2024-07-17 15:32:20 [] [INFO ]: com.project.BaseProject - Starting BaseProject using Java 22.0.1 with PID 17232 (/Users/SaraObia/IdeaProjects/base_pro_BE/target/classes started by SaraObia in /Users/SaraObia/IdeaProjects/base_pro_BE)
2024-07-17 15:32:20 [] [INFO ]: com.project.BaseProject - The following 1 profile is active: "dev"
2024-07-17 15:32:20 [] [INFO ]: o.s.b.d.e.DevToolsPropertyDefaultsPostProcessor - Devtools property defaults active! Set 'spring.devtools.add-properties' to 'false' to disable
2024-07-17 15:32:20 [] [INFO ]: o.s.b.d.e.DevToolsPropertyDefaultsPostProcessor - For additional web related logging consider setting the 'logging.level.web' property to 'DEBUG'
2024-07-17 15:32:21 [] [INFO ]: o.s.d.r.c.RepositoryConfigurationDelegate - Bootstrapping Spring Data JPA repositories in DEFAULT mode.
2024-07-17 15:32:21 [] [INFO ]: o.s.d.r.c.RepositoryConfigurationDelegate - Finished Spring Data repository scanning in 53 ms. Found 2 JPA repository interfaces.
2024-07-17 15:32:22 [] [INFO ]: o.s.b.w.e.tomcat.TomcatWebServer - Tomcat initialized with port 8080 (http)
2024-07-17 15:32:22 [] [INFO ]: o.a.coyote.http11.Http11NioProtocol - Initializing ProtocolHandler ["http-nio-8080"]
2024-07-17 15:32:22 [] [INFO ]: o.a.catalina.core.StandardService - Starting service [Tomcat]
2024-07-17 15:32:22 [] [INFO ]: o.a.catalina.core.StandardEngine - Starting Servlet engine: [Apache Tomcat/10.1.25]
2024-07-17 15:32:22 [] [INFO ]: o.a.c.c.C.[Tomcat].[localhost].[/] - Initializing Spring embedded WebApplicationContext
2024-07-17 15:32:22 [] [INFO ]: o.s.b.w.s.c.ServletWebServerApplicationContext - Root WebApplicationContext: initialization completed in 2355 ms
2024-07-17 15:32:23 [] [INFO ]: o.s.o.j.p.SpringPersistenceUnitInfo - No LoadTimeWeaver setup: ignoring JPA class transformer
2024-07-17 15:32:23 [] [INFO ]: com.zaxxer.hikari.HikariDataSource - HikariPool-1 - Starting...
2024-07-17 15:32:24 [] [INFO ]: com.zaxxer.hikari.pool.HikariPool - HikariPool-1 - Added connection com.mysql.cj.jdbc.ConnectionImpl@1a187fcc
2024-07-17 15:32:24 [] [INFO ]: com.zaxxer.hikari.HikariDataSource - HikariPool-1 - Start completed.
2024-07-17 15:32:25 [] [INFO ]: o.s.o.j.LocalContainerEntityManagerFactoryBean - Initialized JPA EntityManagerFactory for persistence unit 'default'
2024-07-17 15:32:26 [] [INFO ]: o.s.d.j.r.query.QueryEnhancerFactory - Hibernate is in classpath; If applicable, HQL parser will be used.
2024-07-17 15:32:26 [] [INFO ]: o.s.s.c.a.a.c.InitializeAuthenticationProviderBeanManagerConfigurer$InitializeAuthenticationProviderManagerConfigurer - Global AuthenticationManager configured with AuthenticationProvider bean with name authenticationProvider
2024-07-17 15:32:27 [] [INFO ]: o.s.b.d.a.OptionalLiveReloadServer - LiveReload server is running on port 35729
2024-07-17 15:32:27 [] [INFO ]: o.a.coyote.http11.Http11NioProtocol - Starting ProtocolHandler ["http-nio-8080"]
2024-07-17 15:32:28 [] [INFO ]: o.s.b.w.e.tomcat.TomcatWebServer - Tomcat started on port 8080 (http) with context path '/'
2024-07-17 15:32:28 [] [INFO ]: com.project.BaseProject - Started BaseProject in 8.259 seconds (process running for 8.931)
2024-07-17 15:32:28 [] [TRACE]: o.s.t.i.TransactionInterceptor - No need to create transaction for [org.springframework.data.jpa.repository.support.SimpleJpaRepository.existsByRoleCode]: This method is not transactional.
2024-07-17 15:32:28 [] [TRACE]: o.s.t.i.TransactionInterceptor - Getting transaction for [org.springframework.data.jpa.repository.support.SimpleJpaRepository.save]
2024-07-17 15:32:28 [] [TRACE]: o.s.t.i.TransactionInterceptor - Completing transaction for [org.springframework.data.jpa.repository.support.SimpleJpaRepository.save]
2024-07-17 15:32:28 [] [TRACE]: o.s.t.i.TransactionInterceptor - No need to create transaction for [org.springframework.data.jpa.repository.support.SimpleJpaRepository.existsByRoleCode]: This method is not transactional.
2024-07-17 15:32:28 [] [TRACE]: o.s.t.i.TransactionInterceptor - Getting transaction for [org.springframework.data.jpa.repository.support.SimpleJpaRepository.save]
2024-07-17 15:32:28 [] [TRACE]: o.s.t.i.TransactionInterceptor - Completing transaction for [org.springframework.data.jpa.repository.support.SimpleJpaRepository.save]
2024-07-17 15:32:28 [] [TRACE]: o.s.t.i.TransactionInterceptor - No need to create transaction for [org.springframework.data.jpa.repository.support.SimpleJpaRepository.findByRoleCode]: This method is not transactional.
2024-07-17 15:32:28 [] [TRACE]: o.s.t.i.TransactionInterceptor - No need to create transaction for [org.springframework.data.jpa.repository.support.SimpleJpaRepository.findByEmail]: This method is not transactional.
2024-07-17 15:32:28 [] [TRACE]: o.s.t.i.TransactionInterceptor - Getting transaction for [org.springframework.data.jpa.repository.support.SimpleJpaRepository.save]
2024-07-17 15:32:28 [] [TRACE]: o.s.t.i.TransactionInterceptor - Completing transaction for [org.springframework.data.jpa.repository.support.SimpleJpaRepository.save]
2024-07-17 15:32:42 [] [INFO ]: o.a.c.c.C.[Tomcat].[localhost].[/] - Initializing Spring DispatcherServlet 'dispatcherServlet'
2024-07-17 15:32:42 [] [INFO ]: o.s.web.servlet.DispatcherServlet - Initializing Servlet 'dispatcherServlet'
2024-07-17 15:32:42 [] [INFO ]: o.s.web.servlet.DispatcherServlet - Completed initialization in 4 ms
2024-07-17 15:32:43 [sessionId=497FD7D242F24EA750FF553C1E735CAB] [INFO ]: o.s.api.AbstractOpenApiResource - Init duration for springdoc-openapi is: 396 ms
2024-07-17 15:32:58 [sessionId=497FD7D242F24EA750FF553C1E735CAB] [TRACE]: o.s.t.i.TransactionInterceptor - No need to create transaction for [org.springframework.data.jpa.repository.support.SimpleJpaRepository.findByEmail]: This method is not transactional.
2024-07-17 15:32:58 [sessionId=497FD7D242F24EA750FF553C1E735CAB] [ERROR]: c.p.config.ExceptionHandlerConfig - User not found with email: user@mail.com
2024-07-17 15:32:58 [sessionId=497FD7D242F24EA750FF553C1E735CAB] [ERROR]: c.p.config.ExceptionHandlerConfig - com.project.service.CustomUserDetailsService.lambda$loadUserByUsername$0(CustomUserDetailsService.java:30)
2024-07-17 15:32:58 [sessionId=497FD7D242F24EA750FF553C1E735CAB] [ERROR]: c.p.config.ExceptionHandlerConfig - java.base/java.util.Optional.orElseThrow(Optional.java:403)
2024-07-17 15:32:58 [sessionId=497FD7D242F24EA750FF553C1E735CAB] [ERROR]: c.p.config.ExceptionHandlerConfig - com.project.service.CustomUserDetailsService.loadUserByUsername(CustomUserDetailsService.java:30)
2024-07-17 15:32:58 [sessionId=497FD7D242F24EA750FF553C1E735CAB] [ERROR]: c.p.config.ExceptionHandlerConfig - org.springframework.security.authentication.dao.DaoAuthenticationProvider.retrieveUser(DaoAuthenticationProvider.java:107)
2024-07-17 15:32:58 [sessionId=497FD7D242F24EA750FF553C1E735CAB] [ERROR]: c.p.config.ExceptionHandlerConfig - org.springframework.security.authentication.dao.AbstractUserDetailsAuthenticationProvider.authenticate(AbstractUserDetailsAuthenticationProvider.java:133)
2024-07-17 15:32:58 [sessionId=497FD7D242F24EA750FF553C1E735CAB] [ERROR]: c.p.config.ExceptionHandlerConfig - org.springframework.security.authentication.ProviderManager.authenticate(ProviderManager.java:182)
2024-07-17 15:32:58 [sessionId=497FD7D242F24EA750FF553C1E735CAB] [ERROR]: c.p.config.ExceptionHandlerConfig - com.project.service.AuthenticationService.authentication(AuthenticationService.java:50)
2024-07-17 15:32:58 [sessionId=497FD7D242F24EA750FF553C1E735CAB] [ERROR]: c.p.config.ExceptionHandlerConfig - com.project.controller.AuthController.login(AuthController.java:29)
2024-07-17 15:32:58 [sessionId=497FD7D242F24EA750FF553C1E735CAB] [ERROR]: c.p.config.ExceptionHandlerConfig - java.base/jdk.internal.reflect.DirectMethodHandleAccessor.invoke(DirectMethodHandleAccessor.java:103)
2024-07-17 15:32:58 [sessionId=497FD7D242F24EA750FF553C1E735CAB] [ERROR]: c.p.config.ExceptionHandlerConfig - java.base/java.lang.reflect.Method.invoke(Method.java:580)
2024-07-17 15:32:58 [sessionId=497FD7D242F24EA750FF553C1E735CAB] [ERROR]: c.p.config.ExceptionHandlerConfig - org.springframework.web.method.support.InvocableHandlerMethod.doInvoke(InvocableHandlerMethod.java:255)
2024-07-17 15:32:58 [sessionId=497FD7D242F24EA750FF553C1E735CAB] [ERROR]: c.p.config.ExceptionHandlerConfig - org.springframework.web.method.support.InvocableHandlerMethod.invokeForRequest(InvocableHandlerMethod.java:188)
2024-07-17 15:32:58 [sessionId=497FD7D242F24EA750FF553C1E735CAB] [ERROR]: c.p.config.ExceptionHandlerConfig - org.springframework.web.servlet.mvc.method.annotation.ServletInvocableHandlerMethod.invokeAndHandle(ServletInvocableHandlerMethod.java:118)
2024-07-17 15:32:58 [sessionId=497FD7D242F24EA750FF553C1E735CAB] [ERROR]: c.p.config.ExceptionHandlerConfig - org.springframework.web.servlet.mvc.method.annotation.RequestMappingHandlerAdapter.invokeHandlerMethod(RequestMappingHandlerAdapter.java:926)
2024-07-17 15:32:58 [sessionId=497FD7D242F24EA750FF553C1E735CAB] [ERROR]: c.p.config.ExceptionHandlerConfig - org.springframework.web.servlet.mvc.method.annotation.RequestMappingHandlerAdapter.handleInternal(RequestMappingHandlerAdapter.java:831)
2024-07-17 15:32:58 [sessionId=497FD7D242F24EA750FF553C1E735CAB] [ERROR]: c.p.config.ExceptionHandlerConfig - org.springframework.web.servlet.mvc.method.AbstractHandlerMethodAdapter.handle(AbstractHandlerMethodAdapter.java:87)
2024-07-17 15:32:58 [sessionId=497FD7D242F24EA750FF553C1E735CAB] [ERROR]: c.p.config.ExceptionHandlerConfig - org.springframework.web.servlet.DispatcherServlet.doDispatch(DispatcherServlet.java:1089)
2024-07-17 15:32:58 [sessionId=497FD7D242F24EA750FF553C1E735CAB] [ERROR]: c.p.config.ExceptionHandlerConfig - org.springframework.web.servlet.DispatcherServlet.doService(DispatcherServlet.java:979)
2024-07-17 15:32:58 [sessionId=497FD7D242F24EA750FF553C1E735CAB] [ERROR]: c.p.config.ExceptionHandlerConfig - org.springframework.web.servlet.FrameworkServlet.processRequest(FrameworkServlet.java:1014)
2024-07-17 15:32:58 [sessionId=497FD7D242F24EA750FF553C1E735CAB] [ERROR]: c.p.config.ExceptionHandlerConfig - org.springframework.web.servlet.FrameworkServlet.doPost(FrameworkServlet.java:914)
2024-07-17 15:33:44 [sessionId=497FD7D242F24EA750FF553C1E735CAB] [TRACE]: o.s.t.i.TransactionInterceptor - No need to create transaction for [org.springframework.data.jpa.repository.support.SimpleJpaRepository.findByEmail]: This method is not transactional.
2024-07-17 15:33:44 [sessionId=497FD7D242F24EA750FF553C1E735CAB] [ERROR]: c.p.config.ExceptionHandlerConfig - User not found with email: user@mail.com
2024-07-17 15:33:44 [sessionId=497FD7D242F24EA750FF553C1E735CAB] [ERROR]: c.p.config.ExceptionHandlerConfig - com.project.service.CustomUserDetailsService.lambda$loadUserByUsername$0(CustomUserDetailsService.java:30)
2024-07-17 15:33:44 [sessionId=497FD7D242F24EA750FF553C1E735CAB] [ERROR]: c.p.config.ExceptionHandlerConfig - java.base/java.util.Optional.orElseThrow(Optional.java:403)
2024-07-17 15:33:44 [sessionId=497FD7D242F24EA750FF553C1E735CAB] [ERROR]: c.p.config.ExceptionHandlerConfig - com.project.service.CustomUserDetailsService.loadUserByUsername(CustomUserDetailsService.java:30)
2024-07-17 15:33:44 [sessionId=497FD7D242F24EA750FF553C1E735CAB] [ERROR]: c.p.config.ExceptionHandlerConfig - org.springframework.security.authentication.dao.DaoAuthenticationProvider.retrieveUser(DaoAuthenticationProvider.java:107)
2024-07-17 15:33:44 [sessionId=497FD7D242F24EA750FF553C1E735CAB] [ERROR]: c.p.config.ExceptionHandlerConfig - org.springframework.security.authentication.dao.AbstractUserDetailsAuthenticationProvider.authenticate(AbstractUserDetailsAuthenticationProvider.java:133)
2024-07-17 15:33:44 [sessionId=497FD7D242F24EA750FF553C1E735CAB] [ERROR]: c.p.config.ExceptionHandlerConfig - org.springframework.security.authentication.ProviderManager.authenticate(ProviderManager.java:182)
2024-07-17 15:33:44 [sessionId=497FD7D242F24EA750FF553C1E735CAB] [ERROR]: c.p.config.ExceptionHandlerConfig - com.project.service.AuthenticationService.authentication(AuthenticationService.java:50)
2024-07-17 15:33:44 [sessionId=497FD7D242F24EA750FF553C1E735CAB] [ERROR]: c.p.config.ExceptionHandlerConfig - com.project.controller.AuthController.login(AuthController.java:29)
2024-07-17 15:33:44 [sessionId=497FD7D242F24EA750FF553C1E735CAB] [ERROR]: c.p.config.ExceptionHandlerConfig - java.base/jdk.internal.reflect.DirectMethodHandleAccessor.invoke(DirectMethodHandleAccessor.java:103)
2024-07-17 15:33:44 [sessionId=497FD7D242F24EA750FF553C1E735CAB] [ERROR]: c.p.config.ExceptionHandlerConfig - java.base/java.lang.reflect.Method.invoke(Method.java:580)
2024-07-17 15:33:44 [sessionId=497FD7D242F24EA750FF553C1E735CAB] [ERROR]: c.p.config.ExceptionHandlerConfig - org.springframework.web.method.support.InvocableHandlerMethod.doInvoke(InvocableHandlerMethod.java:255)
2024-07-17 15:33:44 [sessionId=497FD7D242F24EA750FF553C1E735CAB] [ERROR]: c.p.config.ExceptionHandlerConfig - org.springframework.web.method.support.InvocableHandlerMethod.invokeForRequest(InvocableHandlerMethod.java:188)
2024-07-17 15:33:44 [sessionId=497FD7D242F24EA750FF553C1E735CAB] [ERROR]: c.p.config.ExceptionHandlerConfig - org.springframework.web.servlet.mvc.method.annotation.ServletInvocableHandlerMethod.invokeAndHandle(ServletInvocableHandlerMethod.java:118)
2024-07-17 15:33:44 [sessionId=497FD7D242F24EA750FF553C1E735CAB] [ERROR]: c.p.config.ExceptionHandlerConfig - org.springframework.web.servlet.mvc.method.annotation.RequestMappingHandlerAdapter.invokeHandlerMethod(RequestMappingHandlerAdapter.java:926)
2024-07-17 15:33:44 [sessionId=497FD7D242F24EA750FF553C1E735CAB] [ERROR]: c.p.config.ExceptionHandlerConfig - org.springframework.web.servlet.mvc.method.annotation.RequestMappingHandlerAdapter.handleInternal(RequestMappingHandlerAdapter.java:831)
2024-07-17 15:33:44 [sessionId=497FD7D242F24EA750FF553C1E735CAB] [ERROR]: c.p.config.ExceptionHandlerConfig - org.springframework.web.servlet.mvc.method.AbstractHandlerMethodAdapter.handle(AbstractHandlerMethodAdapter.java:87)
2024-07-17 15:33:44 [sessionId=497FD7D242F24EA750FF553C1E735CAB] [ERROR]: c.p.config.ExceptionHandlerConfig - org.springframework.web.servlet.DispatcherServlet.doDispatch(DispatcherServlet.java:1089)
2024-07-17 15:33:44 [sessionId=497FD7D242F24EA750FF553C1E735CAB] [ERROR]: c.p.config.ExceptionHandlerConfig - org.springframework.web.servlet.DispatcherServlet.doService(DispatcherServlet.java:979)
2024-07-17 15:33:44 [sessionId=497FD7D242F24EA750FF553C1E735CAB] [ERROR]: c.p.config.ExceptionHandlerConfig - org.springframework.web.servlet.FrameworkServlet.processRequest(FrameworkServlet.java:1014)
2024-07-17 15:33:44 [sessionId=497FD7D242F24EA750FF553C1E735CAB] [ERROR]: c.p.config.ExceptionHandlerConfig - org.springframework.web.servlet.FrameworkServlet.doPost(FrameworkServlet.java:914)
2024-07-17 15:34:03 [sessionId=497FD7D242F24EA750FF553C1E735CAB] [TRACE]: o.s.t.i.TransactionInterceptor - No need to create transaction for [org.springframework.data.jpa.repository.support.SimpleJpaRepository.findByEmail]: This method is not transactional.
2024-07-17 15:34:03 [sessionId=497FD7D242F24EA750FF553C1E735CAB] [TRACE]: o.s.t.i.TransactionInterceptor - No need to create transaction for [org.springframework.data.jpa.repository.support.SimpleJpaRepository.findByEmail]: This method is not transactional.
